CRITICAL - 2024-10-28 15:39:58 --> CodeIgniter\View\Exceptions\ViewException: Invalid file: "plantilla.php"
[Method: GET, Route: plantilla]
in SYSTEMPATH\Exceptions\FrameworkException.php on line 41.
 1 SYSTEMPATH\View\View.php(222): CodeIgniter\Exceptions\FrameworkException::forInvalidFile('plantilla.php')
 2 SYSTEMPATH\Common.php(1171): CodeIgniter\View\View->render('plantilla', [], true)
 3 APPPATH\Controllers\Home.php(43): view('plantilla')
 4 SYSTEMPATH\CodeIgniter.php(933): App\Controllers\Home->plantilla()
 5 SYSTEMPATH\CodeIgniter.php(509): CodeIgniter\CodeIgniter->runController(Object(App\Controllers\Home))
 6 SYSTEMPATH\CodeIgniter.php(355): CodeIgniter\CodeIgniter->handleRequest(null, Object(Config\Cache), false)
 7 SYSTEMPATH\Boot.php(325): CodeIgniter\CodeIgniter->run()
 8 SYSTEMPATH\Boot.php(67): CodeIgniter\Boot::runCodeIgniter(Object(CodeIgniter\CodeIgniter))
 9 FCPATH\index.php(56): CodeIgniter\Boot::bootWeb(Object(Config\Paths))
CRITICAL - 2024-10-28 15:40:48 --> CodeIgniter\View\Exceptions\ViewException: Invalid file: "plantilla.php"
[Method: GET, Route: plantilla]
in SYSTEMPATH\Exceptions\FrameworkException.php on line 41.
 1 SYSTEMPATH\View\View.php(222): CodeIgniter\Exceptions\FrameworkException::forInvalidFile('plantilla.php')
 2 SYSTEMPATH\Common.php(1171): CodeIgniter\View\View->render('plantilla', [], true)
 3 APPPATH\Controllers\Home.php(43): view('plantilla')
 4 SYSTEMPATH\CodeIgniter.php(933): App\Controllers\Home->plantilla()
 5 SYSTEMPATH\CodeIgniter.php(509): CodeIgniter\CodeIgniter->runController(Object(App\Controllers\Home))
 6 SYSTEMPATH\CodeIgniter.php(355): CodeIgniter\CodeIgniter->handleRequest(null, Object(Config\Cache), false)
 7 SYSTEMPATH\Boot.php(325): CodeIgniter\CodeIgniter->run()
 8 SYSTEMPATH\Boot.php(67): CodeIgniter\Boot::runCodeIgniter(Object(CodeIgniter\CodeIgniter))
 9 FCPATH\index.php(56): CodeIgniter\Boot::bootWeb(Object(Config\Paths))
CRITICAL - 2024-10-28 15:40:49 --> CodeIgniter\View\Exceptions\ViewException: Invalid file: "plantilla.php"
[Method: GET, Route: plantilla]
in SYSTEMPATH\Exceptions\FrameworkException.php on line 41.
 1 SYSTEMPATH\View\View.php(222): CodeIgniter\Exceptions\FrameworkException::forInvalidFile('plantilla.php')
 2 SYSTEMPATH\Common.php(1171): CodeIgniter\View\View->render('plantilla', [], true)
 3 APPPATH\Controllers\Home.php(43): view('plantilla')
 4 SYSTEMPATH\CodeIgniter.php(933): App\Controllers\Home->plantilla()
 5 SYSTEMPATH\CodeIgniter.php(509): CodeIgniter\CodeIgniter->runController(Object(App\Controllers\Home))
 6 SYSTEMPATH\CodeIgniter.php(355): CodeIgniter\CodeIgniter->handleRequest(null, Object(Config\Cache), false)
 7 SYSTEMPATH\Boot.php(325): CodeIgniter\CodeIgniter->run()
 8 SYSTEMPATH\Boot.php(67): CodeIgniter\Boot::runCodeIgniter(Object(CodeIgniter\CodeIgniter))
 9 FCPATH\index.php(56): CodeIgniter\Boot::bootWeb(Object(Config\Paths))
CRITICAL - 2024-10-28 15:40:49 --> CodeIgniter\View\Exceptions\ViewException: Invalid file: "plantilla.php"
[Method: GET, Route: plantilla]
in SYSTEMPATH\Exceptions\FrameworkException.php on line 41.
 1 SYSTEMPATH\View\View.php(222): CodeIgniter\Exceptions\FrameworkException::forInvalidFile('plantilla.php')
 2 SYSTEMPATH\Common.php(1171): CodeIgniter\View\View->render('plantilla', [], true)
 3 APPPATH\Controllers\Home.php(43): view('plantilla')
 4 SYSTEMPATH\CodeIgniter.php(933): App\Controllers\Home->plantilla()
 5 SYSTEMPATH\CodeIgniter.php(509): CodeIgniter\CodeIgniter->runController(Object(App\Controllers\Home))
 6 SYSTEMPATH\CodeIgniter.php(355): CodeIgniter\CodeIgniter->handleRequest(null, Object(Config\Cache), false)
 7 SYSTEMPATH\Boot.php(325): CodeIgniter\CodeIgniter->run()
 8 SYSTEMPATH\Boot.php(67): CodeIgniter\Boot::runCodeIgniter(Object(CodeIgniter\CodeIgniter))
 9 FCPATH\index.php(56): CodeIgniter\Boot::bootWeb(Object(Config\Paths))
CRITICAL - 2024-10-28 15:40:50 --> CodeIgniter\View\Exceptions\ViewException: Invalid file: "plantilla.php"
[Method: GET, Route: plantilla]
in SYSTEMPATH\Exceptions\FrameworkException.php on line 41.
 1 SYSTEMPATH\View\View.php(222): CodeIgniter\Exceptions\FrameworkException::forInvalidFile('plantilla.php')
 2 SYSTEMPATH\Common.php(1171): CodeIgniter\View\View->render('plantilla', [], true)
 3 APPPATH\Controllers\Home.php(43): view('plantilla')
 4 SYSTEMPATH\CodeIgniter.php(933): App\Controllers\Home->plantilla()
 5 SYSTEMPATH\CodeIgniter.php(509): CodeIgniter\CodeIgniter->runController(Object(App\Controllers\Home))
 6 SYSTEMPATH\CodeIgniter.php(355): CodeIgniter\CodeIgniter->handleRequest(null, Object(Config\Cache), false)
 7 SYSTEMPATH\Boot.php(325): CodeIgniter\CodeIgniter->run()
 8 SYSTEMPATH\Boot.php(67): CodeIgniter\Boot::runCodeIgniter(Object(CodeIgniter\CodeIgniter))
 9 FCPATH\index.php(56): CodeIgniter\Boot::bootWeb(Object(Config\Paths))
CRITICAL - 2024-10-28 15:40:50 --> CodeIgniter\View\Exceptions\ViewException: Invalid file: "plantilla.php"
[Method: GET, Route: plantilla]
in SYSTEMPATH\Exceptions\FrameworkException.php on line 41.
 1 SYSTEMPATH\View\View.php(222): CodeIgniter\Exceptions\FrameworkException::forInvalidFile('plantilla.php')
 2 SYSTEMPATH\Common.php(1171): CodeIgniter\View\View->render('plantilla', [], true)
 3 APPPATH\Controllers\Home.php(43): view('plantilla')
 4 SYSTEMPATH\CodeIgniter.php(933): App\Controllers\Home->plantilla()
 5 SYSTEMPATH\CodeIgniter.php(509): CodeIgniter\CodeIgniter->runController(Object(App\Controllers\Home))
 6 SYSTEMPATH\CodeIgniter.php(355): CodeIgniter\CodeIgniter->handleRequest(null, Object(Config\Cache), false)
 7 SYSTEMPATH\Boot.php(325): CodeIgniter\CodeIgniter->run()
 8 SYSTEMPATH\Boot.php(67): CodeIgniter\Boot::runCodeIgniter(Object(CodeIgniter\CodeIgniter))
 9 FCPATH\index.php(56): CodeIgniter\Boot::bootWeb(Object(Config\Paths))
CRITICAL - 2024-10-28 15:40:50 --> CodeIgniter\View\Exceptions\ViewException: Invalid file: "plantilla.php"
[Method: GET, Route: plantilla]
in SYSTEMPATH\Exceptions\FrameworkException.php on line 41.
 1 SYSTEMPATH\View\View.php(222): CodeIgniter\Exceptions\FrameworkException::forInvalidFile('plantilla.php')
 2 SYSTEMPATH\Common.php(1171): CodeIgniter\View\View->render('plantilla', [], true)
 3 APPPATH\Controllers\Home.php(43): view('plantilla')
 4 SYSTEMPATH\CodeIgniter.php(933): App\Controllers\Home->plantilla()
 5 SYSTEMPATH\CodeIgniter.php(509): CodeIgniter\CodeIgniter->runController(Object(App\Controllers\Home))
 6 SYSTEMPATH\CodeIgniter.php(355): CodeIgniter\CodeIgniter->handleRequest(null, Object(Config\Cache), false)
 7 SYSTEMPATH\Boot.php(325): CodeIgniter\CodeIgniter->run()
 8 SYSTEMPATH\Boot.php(67): CodeIgniter\Boot::runCodeIgniter(Object(CodeIgniter\CodeIgniter))
 9 FCPATH\index.php(56): CodeIgniter\Boot::bootWeb(Object(Config\Paths))
CRITICAL - 2024-10-28 15:40:51 --> CodeIgniter\View\Exceptions\ViewException: Invalid file: "plantilla.php"
[Method: GET, Route: plantilla]
in SYSTEMPATH\Exceptions\FrameworkException.php on line 41.
 1 SYSTEMPATH\View\View.php(222): CodeIgniter\Exceptions\FrameworkException::forInvalidFile('plantilla.php')
 2 SYSTEMPATH\Common.php(1171): CodeIgniter\View\View->render('plantilla', [], true)
 3 APPPATH\Controllers\Home.php(43): view('plantilla')
 4 SYSTEMPATH\CodeIgniter.php(933): App\Controllers\Home->plantilla()
 5 SYSTEMPATH\CodeIgniter.php(509): CodeIgniter\CodeIgniter->runController(Object(App\Controllers\Home))
 6 SYSTEMPATH\CodeIgniter.php(355): CodeIgniter\CodeIgniter->handleRequest(null, Object(Config\Cache), false)
 7 SYSTEMPATH\Boot.php(325): CodeIgniter\CodeIgniter->run()
 8 SYSTEMPATH\Boot.php(67): CodeIgniter\Boot::runCodeIgniter(Object(CodeIgniter\CodeIgniter))
 9 FCPATH\index.php(56): CodeIgniter\Boot::bootWeb(Object(Config\Paths))
CRITICAL - 2024-10-28 15:40:51 --> CodeIgniter\View\Exceptions\ViewException: Invalid file: "plantilla.php"
[Method: GET, Route: plantilla]
in SYSTEMPATH\Exceptions\FrameworkException.php on line 41.
 1 SYSTEMPATH\View\View.php(222): CodeIgniter\Exceptions\FrameworkException::forInvalidFile('plantilla.php')
 2 SYSTEMPATH\Common.php(1171): CodeIgniter\View\View->render('plantilla', [], true)
 3 APPPATH\Controllers\Home.php(43): view('plantilla')
 4 SYSTEMPATH\CodeIgniter.php(933): App\Controllers\Home->plantilla()
 5 SYSTEMPATH\CodeIgniter.php(509): CodeIgniter\CodeIgniter->runController(Object(App\Controllers\Home))
 6 SYSTEMPATH\CodeIgniter.php(355): CodeIgniter\CodeIgniter->handleRequest(null, Object(Config\Cache), false)
 7 SYSTEMPATH\Boot.php(325): CodeIgniter\CodeIgniter->run()
 8 SYSTEMPATH\Boot.php(67): CodeIgniter\Boot::runCodeIgniter(Object(CodeIgniter\CodeIgniter))
 9 FCPATH\index.php(56): CodeIgniter\Boot::bootWeb(Object(Config\Paths))
CRITICAL - 2024-10-28 15:40:51 --> CodeIgniter\View\Exceptions\ViewException: Invalid file: "plantilla.php"
[Method: GET, Route: plantilla]
in SYSTEMPATH\Exceptions\FrameworkException.php on line 41.
 1 SYSTEMPATH\View\View.php(222): CodeIgniter\Exceptions\FrameworkException::forInvalidFile('plantilla.php')
 2 SYSTEMPATH\Common.php(1171): CodeIgniter\View\View->render('plantilla', [], true)
 3 APPPATH\Controllers\Home.php(43): view('plantilla')
 4 SYSTEMPATH\CodeIgniter.php(933): App\Controllers\Home->plantilla()
 5 SYSTEMPATH\CodeIgniter.php(509): CodeIgniter\CodeIgniter->runController(Object(App\Controllers\Home))
 6 SYSTEMPATH\CodeIgniter.php(355): CodeIgniter\CodeIgniter->handleRequest(null, Object(Config\Cache), false)
 7 SYSTEMPATH\Boot.php(325): CodeIgniter\CodeIgniter->run()
 8 SYSTEMPATH\Boot.php(67): CodeIgniter\Boot::runCodeIgniter(Object(CodeIgniter\CodeIgniter))
 9 FCPATH\index.php(56): CodeIgniter\Boot::bootWeb(Object(Config\Paths))
CRITICAL - 2024-10-28 15:40:51 --> CodeIgniter\View\Exceptions\ViewException: Invalid file: "plantilla.php"
[Method: GET, Route: plantilla]
in SYSTEMPATH\Exceptions\FrameworkException.php on line 41.
 1 SYSTEMPATH\View\View.php(222): CodeIgniter\Exceptions\FrameworkException::forInvalidFile('plantilla.php')
 2 SYSTEMPATH\Common.php(1171): CodeIgniter\View\View->render('plantilla', [], true)
 3 APPPATH\Controllers\Home.php(43): view('plantilla')
 4 SYSTEMPATH\CodeIgniter.php(933): App\Controllers\Home->plantilla()
 5 SYSTEMPATH\CodeIgniter.php(509): CodeIgniter\CodeIgniter->runController(Object(App\Controllers\Home))
 6 SYSTEMPATH\CodeIgniter.php(355): CodeIgniter\CodeIgniter->handleRequest(null, Object(Config\Cache), false)
 7 SYSTEMPATH\Boot.php(325): CodeIgniter\CodeIgniter->run()
 8 SYSTEMPATH\Boot.php(67): CodeIgniter\Boot::runCodeIgniter(Object(CodeIgniter\CodeIgniter))
 9 FCPATH\index.php(56): CodeIgniter\Boot::bootWeb(Object(Config\Paths))
CRITICAL - 2024-10-28 15:40:51 --> CodeIgniter\View\Exceptions\ViewException: Invalid file: "plantilla.php"
[Method: GET, Route: plantilla]
in SYSTEMPATH\Exceptions\FrameworkException.php on line 41.
 1 SYSTEMPATH\View\View.php(222): CodeIgniter\Exceptions\FrameworkException::forInvalidFile('plantilla.php')
 2 SYSTEMPATH\Common.php(1171): CodeIgniter\View\View->render('plantilla', [], true)
 3 APPPATH\Controllers\Home.php(43): view('plantilla')
 4 SYSTEMPATH\CodeIgniter.php(933): App\Controllers\Home->plantilla()
 5 SYSTEMPATH\CodeIgniter.php(509): CodeIgniter\CodeIgniter->runController(Object(App\Controllers\Home))
 6 SYSTEMPATH\CodeIgniter.php(355): CodeIgniter\CodeIgniter->handleRequest(null, Object(Config\Cache), false)
 7 SYSTEMPATH\Boot.php(325): CodeIgniter\CodeIgniter->run()
 8 SYSTEMPATH\Boot.php(67): CodeIgniter\Boot::runCodeIgniter(Object(CodeIgniter\CodeIgniter))
 9 FCPATH\index.php(56): CodeIgniter\Boot::bootWeb(Object(Config\Paths))
CRITICAL - 2024-10-28 15:40:52 --> CodeIgniter\View\Exceptions\ViewException: Invalid file: "plantilla.php"
[Method: GET, Route: plantilla]
in SYSTEMPATH\Exceptions\FrameworkException.php on line 41.
 1 SYSTEMPATH\View\View.php(222): CodeIgniter\Exceptions\FrameworkException::forInvalidFile('plantilla.php')
 2 SYSTEMPATH\Common.php(1171): CodeIgniter\View\View->render('plantilla', [], true)
 3 APPPATH\Controllers\Home.php(43): view('plantilla')
 4 SYSTEMPATH\CodeIgniter.php(933): App\Controllers\Home->plantilla()
 5 SYSTEMPATH\CodeIgniter.php(509): CodeIgniter\CodeIgniter->runController(Object(App\Controllers\Home))
 6 SYSTEMPATH\CodeIgniter.php(355): CodeIgniter\CodeIgniter->handleRequest(null, Object(Config\Cache), false)
 7 SYSTEMPATH\Boot.php(325): CodeIgniter\CodeIgniter->run()
 8 SYSTEMPATH\Boot.php(67): CodeIgniter\Boot::runCodeIgniter(Object(CodeIgniter\CodeIgniter))
 9 FCPATH\index.php(56): CodeIgniter\Boot::bootWeb(Object(Config\Paths))
CRITICAL - 2024-10-28 15:40:52 --> CodeIgniter\View\Exceptions\ViewException: Invalid file: "plantilla.php"
[Method: GET, Route: plantilla]
in SYSTEMPATH\Exceptions\FrameworkException.php on line 41.
 1 SYSTEMPATH\View\View.php(222): CodeIgniter\Exceptions\FrameworkException::forInvalidFile('plantilla.php')
 2 SYSTEMPATH\Common.php(1171): CodeIgniter\View\View->render('plantilla', [], true)
 3 APPPATH\Controllers\Home.php(43): view('plantilla')
 4 SYSTEMPATH\CodeIgniter.php(933): App\Controllers\Home->plantilla()
 5 SYSTEMPATH\CodeIgniter.php(509): CodeIgniter\CodeIgniter->runController(Object(App\Controllers\Home))
 6 SYSTEMPATH\CodeIgniter.php(355): CodeIgniter\CodeIgniter->handleRequest(null, Object(Config\Cache), false)
 7 SYSTEMPATH\Boot.php(325): CodeIgniter\CodeIgniter->run()
 8 SYSTEMPATH\Boot.php(67): CodeIgniter\Boot::runCodeIgniter(Object(CodeIgniter\CodeIgniter))
 9 FCPATH\index.php(56): CodeIgniter\Boot::bootWeb(Object(Config\Paths))
CRITICAL - 2024-10-28 15:40:52 --> CodeIgniter\View\Exceptions\ViewException: Invalid file: "plantilla.php"
[Method: GET, Route: plantilla]
in SYSTEMPATH\Exceptions\FrameworkException.php on line 41.
 1 SYSTEMPATH\View\View.php(222): CodeIgniter\Exceptions\FrameworkException::forInvalidFile('plantilla.php')
 2 SYSTEMPATH\Common.php(1171): CodeIgniter\View\View->render('plantilla', [], true)
 3 APPPATH\Controllers\Home.php(43): view('plantilla')
 4 SYSTEMPATH\CodeIgniter.php(933): App\Controllers\Home->plantilla()
 5 SYSTEMPATH\CodeIgniter.php(509): CodeIgniter\CodeIgniter->runController(Object(App\Controllers\Home))
 6 SYSTEMPATH\CodeIgniter.php(355): CodeIgniter\CodeIgniter->handleRequest(null, Object(Config\Cache), false)
 7 SYSTEMPATH\Boot.php(325): CodeIgniter\CodeIgniter->run()
 8 SYSTEMPATH\Boot.php(67): CodeIgniter\Boot::runCodeIgniter(Object(CodeIgniter\CodeIgniter))
 9 FCPATH\index.php(56): CodeIgniter\Boot::bootWeb(Object(Config\Paths))
